<?xml version="1.0" encoding="UTF-8"?>
<!-- Generated by org.testng.reporters.JUnitReportReporter -->
<testsuite hostname="DESKTOP-P9EU74K" failures="0" tests="1" name="RestassuredDemo.PutEmployees" time="2.222" errors="0" timestamp="2020-10-28T19:56:20 IST" skipped="0">
  <testcase classname="RestassuredDemo.PutEmployees" name="PostEmployee" time="2.222"/>
  <system-out/>
</testsuite> <!-- RestassuredDemo.PutEmployees -->
