<?xml version="1.0" encoding="UTF-8"?>
<!-- Generated by org.testng.reporters.JUnitReportReporter -->
<testsuite hostname="DESKTOP-P9EU74K" failures="0" tests="1" name="testRequests.TestGet" time="2.222" errors="0" timestamp="2020-10-30T03:12:56 IST" skipped="0">
  <testcase classname="testRequests.TestGet" name="getAllEmployees" time="2.222"/>
  <system-out/>
</testsuite> <!-- testRequests.TestGet -->
