<?xml version="1.0" encoding="UTF-8"?>
<!-- Generated by org.testng.reporters.JUnitReportReporter -->
<testsuite hostname="DESKTOP-P9EU74K" failures="0" tests="1" name="RestassuredDemo.GetEmployees" time="2.041" errors="0" timestamp="2020-10-28T19:43:11 IST" skipped="0">
  <testcase classname="RestassuredDemo.GetEmployees" name="GetAllEmployees" time="2.041"/>
  <system-out/>
</testsuite> <!-- RestassuredDemo.GetEmployees -->
