<?xml version="1.0" encoding="UTF-8"?>
<!-- Generated by org.testng.reporters.JUnitReportReporter -->
<testsuite hostname="DESKTOP-P9EU74K" failures="0" tests="1" name="testRequests.TestPost" time="2.263" errors="0" timestamp="2020-10-30T02:57:18 IST" skipped="0">
  <testcase classname="testRequests.TestPost" name="post_test_req" time="2.263"/>
  <system-out/>
</testsuite> <!-- testRequests.TestPost -->
