<?xml version="1.0" encoding="UTF-8"?>
<!-- Generated by org.testng.reporters.JUnitReportReporter -->
<testsuite hostname="DESKTOP-P9EU74K" failures="0" tests="1" name="testRequests.TestPut" time="2.651" errors="0" timestamp="2020-10-30T02:22:26 IST" skipped="0">
  <testcase classname="testRequests.TestPut" name="put_test_req" time="2.651"/>
  <system-out/>
</testsuite> <!-- testRequests.TestPut -->
