<?xml version="1.0" encoding="UTF-8"?>
<!-- Generated by org.testng.reporters.JUnitReportReporter -->
<testsuite hostname="DESKTOP-P9EU74K" failures="0" tests="1" name="RestassuredDemo.DeleteEmployees" time="2.029" errors="0" timestamp="2020-10-28T19:58:29 IST" skipped="0">
  <testcase classname="RestassuredDemo.DeleteEmployees" name="DeleteAnyEmployee" time="2.029"/>
  <system-out/>
</testsuite> <!-- RestassuredDemo.DeleteEmployees -->
