<?xml version="1.0" encoding="UTF-8"?>
<!-- Generated by org.testng.reporters.JUnitReportReporter -->
<testsuite hostname="DESKTOP-P9EU74K" failures="0" tests="1" name="testRequests.TestDelete" time="2.082" errors="0" timestamp="2020-10-30T02:33:33 IST" skipped="0">
  <testcase classname="testRequests.TestDelete" name="delete_test_req" time="2.082"/>
  <system-out/>
</testsuite> <!-- testRequests.TestDelete -->
