<?xml version="1.0" encoding="UTF-8"?>
<!-- Generated by org.testng.reporters.JUnitReportReporter -->
<testsuite hostname="DESKTOP-P9EU74K" failures="0" tests="1" name="RestassuredDemo.PostEmployees" time="2.526" errors="0" timestamp="2020-10-28T19:51:29 IST" skipped="0">
  <testcase classname="RestassuredDemo.PostEmployees" name="CreateEmployees" time="2.526"/>
  <system-out/>
</testsuite> <!-- RestassuredDemo.PostEmployees -->
